-------------------------------------------------------------------------------
Test set: edu.matc.persistence.ProductDaoTest
-------------------------------------------------------------------------------
Tests run: 6, Failures: 0, Errors: 6, Skipped: 0, Time elapsed: 0.031 sec <<< FAILURE! - in edu.matc.persistence.ProductDaoTest
deleteSuccess()  Time elapsed: 0 sec  <<< ERROR!
org.hibernate.UnknownEntityTypeException: Unable to locate persister: edu.matc.entity.Product
	at edu.matc.persistence.ProductDaoTest.deleteSuccess(ProductDaoTest.java:94)

getByPropertyEqualSuccess()  Time elapsed: 0 sec  <<< ERROR!
java.lang.IllegalArgumentException: Not an entity: class edu.matc.entity.Product
	at edu.matc.persistence.ProductDaoTest.getByPropertyEqualSuccess(ProductDaoTest.java:119)

getByIdSuccess()  Time elapsed: 0.001 sec  <<< ERROR!
org.hibernate.UnknownEntityTypeException: Unable to locate persister: edu.matc.entity.Product
	at edu.matc.persistence.ProductDaoTest.getByIdSuccess(ProductDaoTest.java:64)

getAllProductsSuccess()  Time elapsed: 0 sec  <<< ERROR!
java.lang.IllegalArgumentException: Not an entity: class edu.matc.entity.Product
	at edu.matc.persistence.ProductDaoTest.getAllProductsSuccess(ProductDaoTest.java:55)

updateSuccess()  Time elapsed: 0 sec  <<< ERROR!
org.hibernate.UnknownEntityTypeException: Unable to locate persister: edu.matc.entity.Product
	at edu.matc.persistence.ProductDaoTest.updateSuccess(ProductDaoTest.java:106)

insertSuccess()  Time elapsed: 0.03 sec  <<< ERROR!
org.hibernate.MappingException: Unknown entity: edu.matc.entity.Product
	at edu.matc.persistence.ProductDaoTest.insertSuccess(ProductDaoTest.java:79)

