<?xml version="1.0" encoding="UTF-8"?>
<testsuite xmlns:xsi="http://www.w3.org/2001/XMLSchema-instance" xsi:schemaLocation="https://maven.apache.org/surefire/maven-surefire-plugin/xsd/surefire-test-report.xsd" name="edu.matc.persistence.ProductDaoTest" time="0.026" tests="6" errors="6" skipped="0" failures="0">
  <properties>
[...]
</properties>
  <testcase name="deleteSuccess" classname="edu.matc.persistence.ProductDaoTest" time="0.001">
    <error message="Unable to locate persister: edu.matc.entity.Product" type="org.hibernate.UnknownEntityTypeException">org.hibernate.UnknownEntityTypeException: Unable to locate persister: edu.matc.entity.Product
	at edu.matc.persistence.ProductDaoTest.deleteSuccess(ProductDaoTest.java:95)
</error>
  </testcase>
  <testcase name="getByPropertyEqualSuccess" classname="edu.matc.persistence.ProductDaoTest" time="0">
    <error message="Not an entity: class edu.matc.entity.Product" type="java.lang.IllegalArgumentException">java.lang.IllegalArgumentException: Not an entity: class edu.matc.entity.Product
	at edu.matc.persistence.ProductDaoTest.getByPropertyEqualSuccess(ProductDaoTest.java:120)
</error>
  </testcase>
  <testcase name="getByIdSuccess" classname="edu.matc.persistence.ProductDaoTest" time="0.001">
    <error message="Unable to locate persister: edu.matc.entity.Product" type="org.hibernate.UnknownEntityTypeException">org.hibernate.UnknownEntityTypeException: Unable to locate persister: edu.matc.entity.Product
	at edu.matc.persistence.ProductDaoTest.getByIdSuccess(ProductDaoTest.java:65)
</error>
  </testcase>
  <testcase name="getAllProductsSuccess" classname="edu.matc.persistence.ProductDaoTest" time="0">
    <error message="Not an entity: class edu.matc.entity.Product" type="java.lang.IllegalArgumentException">java.lang.IllegalArgumentException: Not an entity: class edu.matc.entity.Product
	at edu.matc.persistence.ProductDaoTest.getAllProductsSuccess(ProductDaoTest.java:55)
</error>
  </testcase>
  <testcase name="updateSuccess" classname="edu.matc.persistence.ProductDaoTest" time="0">
    <error message="Unable to locate persister: edu.matc.entity.Product" type="org.hibernate.UnknownEntityTypeException">org.hibernate.UnknownEntityTypeException: Unable to locate persister: edu.matc.entity.Product
	at edu.matc.persistence.ProductDaoTest.updateSuccess(ProductDaoTest.java:107)
</error>
  </testcase>
  <testcase name="insertSuccess" classname="edu.matc.persistence.ProductDaoTest" time="0.024">
    <error message="Unknown entity: edu.matc.entity.Product" type="org.hibernate.MappingException">org.hibernate.MappingException: Unknown entity: edu.matc.entity.Product
	at edu.matc.persistence.ProductDaoTest.insertSuccess(ProductDaoTest.java:80)
</error>
  </testcase>
</testsuite>